[+] Containers:
 |- [+] Container: /Game/ThirdPerson/Maps/ThirdPersonMap
 |   |- [+] ActorDescs:
 |   |   |- Guid:160100988D449AAA40BE55BB48F1CFA2 BaseClass: NativeClass:/Script/Landscape.LandscapeStreamingProxy Name:LandscapeStreamingProxy_9U4Z8W48HM2YVKE3EROM9JCPH_14_0_0_0 Label:LandscapeStreamingProxy_0_0_0 SpatiallyLoaded:1 Bounds:IsValid=true, Min=(X=-2800.000 Y=-2800.000 Z=100.000), Max=(X=-1400.000 Y=-1400.000 Z=517.969) RuntimeGrid:None EditorOnly:0 RuntimeOnly:0 HLODRelevant:1
 |   |   |- Guid:1C7CC2D0C74E90ADEC6A22B4B3A5783D BaseClass: NativeClass:/Script/Landscape.LandscapeStreamingProxy Name:LandscapeStreamingProxy_9U4Z8W48HM2YVKE3EROM9JCPH_14_3_3_0 Label:LandscapeStreamingProxy_3_3_0 SpatiallyLoaded:1 Bounds:IsValid=true, Min=(X=1400.000 Y=1400.000 Z=150.781), Max=(X=2800.000 Y=2800.000 Z=350.781) RuntimeGrid:None EditorOnly:0 RuntimeOnly:0 HLODRelevant:1
 |   |   |- Guid:2B5A380BBB439D5B6F4F63AA39B4A117 BaseClass: NativeClass:/Script/Landscape.LandscapeStreamingProxy Name:LandscapeStreamingProxy_9U4Z8W48HM2YVKE3EROM9JCPH_14_2_1_0 Label:LandscapeStreamingProxy_2_1_0 SpatiallyLoaded:1 Bounds:IsValid=true, Min=(X=0.000 Y=-1400.000 Z=0.000), Max=(X=1400.000 Y=0.000 Z=426.562) RuntimeGrid:None EditorOnly:0 RuntimeOnly:0 HLODRelevant:1
 |   |   |- Guid:2C1AB66EC94E886C877335BDFEA92140 BaseClass: NativeClass:/Script/Landscape.LandscapeStreamingProxy Name:LandscapeStreamingProxy_9U4Z8W48HM2YVKE3EROM9JCPH_14_1_3_0 Label:LandscapeStreamingProxy_1_3_0 SpatiallyLoaded:1 Bounds:IsValid=true, Min=(X=-1400.000 Y=1400.000 Z=0.000), Max=(X=0.000 Y=2800.000 Z=281.250) RuntimeGrid:None EditorOnly:0 RuntimeOnly:0 HLODRelevant:1
 |   |   |- Guid:2FB58999456391D349DC0F86DAC136ED BaseClass: NativeClass:/Script/Engine.SkyLight Name:SkyLight_1 Label:SkyLight SpatiallyLoaded:0 Bounds:IsValid=true, Min=(X=0.000 Y=0.000 Z=690.000), Max=(X=0.000 Y=0.000 Z=690.000) RuntimeGrid:None EditorOnly:0 RuntimeOnly:0 HLODRelevant:0 FolderPath:Lighting FolderGuid:963EC3EB4002CCE9759E2EBA541A873A
 |   |   |- Guid:316CF2A6494ACA4C0E4180A87D36AB8F BaseClass: NativeClass:/Script/Engine.ExponentialHeightFog Name:ExponentialHeightFog_0 Label:ExponentialHeightFog SpatiallyLoaded:0 Bounds:IsValid=true, Min=(X=-5600.000 Y=-50.000 Z=-6850.000), Max=(X=-5600.000 Y=-50.000 Z=-6850.000) RuntimeGrid:None EditorOnly:0 RuntimeOnly:0 HLODRelevant:0 FolderPath:Lighting FolderGuid:963EC3EB4002CCE9759E2EBA541A873A
 |   |   |- Guid:3A00AA1C422CE54C0BDB60BAF471BFBB BaseClass: NativeClass:/Script/Engine.PlayerStart Name:PlayerStart_0 Label:PlayerStart SpatiallyLoaded:0 Bounds:IsValid=true, Min=(X=860.000 Y=1070.000 Z=0.013), Max=(X=940.000 Y=1150.000 Z=184.013) RuntimeGrid:None EditorOnly:0 RuntimeOnly:0 HLODRelevant:0
 |   |   |- Guid:4D3BE93F4146AAAC8BBE79999D96D57F BaseClass: NativeClass:/Script/Engine.VolumetricCloud Name:VolumetricCloud_0 Label:VolumetricCloud SpatiallyLoaded:0 Bounds:IsValid=true, Min=(X=0.000 Y=0.000 Z=820.000), Max=(X=0.000 Y=0.000 Z=820.000) RuntimeGrid:None EditorOnly:0 RuntimeOnly:0 HLODRelevant:0 FolderPath:Lighting FolderGuid:963EC3EB4002CCE9759E2EBA541A873A
 |   |   |- Guid:4F2AADB3494DBA501371898E461051D3 BaseClass: NativeClass:/Script/Landscape.LandscapeStreamingProxy Name:LandscapeStreamingProxy_9U4Z8W48HM2YVKE3EROM9JCPH_14_2_0_0 Label:LandscapeStreamingProxy_2_0_0 SpatiallyLoaded:1 Bounds:IsValid=true, Min=(X=0.000 Y=-2800.000 Z=0.000), Max=(X=1400.000 Y=-1400.000 Z=200.000) RuntimeGrid:None EditorOnly:0 RuntimeOnly:0 HLODRelevant:1
 |   |   |- Guid:6166FB82DB4FE246CAFD7FB6675C3A4F BaseClass: NativeClass:/Script/Landscape.LandscapeStreamingProxy Name:LandscapeStreamingProxy_9U4Z8W48HM2YVKE3EROM9JCPH_14_0_2_0 Label:LandscapeStreamingProxy_0_2_0 SpatiallyLoaded:1 Bounds:IsValid=true, Min=(X=-2800.000 Y=0.000 Z=39.062), Max=(X=-1400.000 Y=1400.000 Z=459.375) RuntimeGrid:None EditorOnly:0 RuntimeOnly:0 HLODRelevant:1
 |   |   |- Guid:6BAF4DDD444C60371492D3919DB42C97 BaseClass: NativeClass:/Script/Engine.WorldDataLayers Name:WorldDataLayers Label:WorldDataLayers SpatiallyLoaded:0 Bounds:IsValid=true, Min=(X=0.000 Y=0.000 Z=0.000), Max=(X=0.000 Y=0.000 Z=0.000) RuntimeGrid:None EditorOnly:0 RuntimeOnly:0 HLODRelevant:0
 |   |   |- Guid:6E242DD9D54C8B8D128451BFEF10A985 BaseClass: NativeClass:/Script/Landscape.LandscapeStreamingProxy Name:LandscapeStreamingProxy_9U4Z8W48HM2YVKE3EROM9JCPH_14_0_1_0 Label:LandscapeStreamingProxy_0_1_0 SpatiallyLoaded:1 Bounds:IsValid=true, Min=(X=-2800.000 Y=-1400.000 Z=72.656), Max=(X=-1400.000 Y=0.000 Z=561.719) RuntimeGrid:None EditorOnly:0 RuntimeOnly:0 HLODRelevant:1
 |   |   |- Guid:95C5667C944E2805277194AAA63BFCEA BaseClass: NativeClass:/Script/Landscape.LandscapeStreamingProxy Name:LandscapeStreamingProxy_9U4Z8W48HM2YVKE3EROM9JCPH_14_3_0_0 Label:LandscapeStreamingProxy_3_0_0 SpatiallyLoaded:1 Bounds:IsValid=true, Min=(X=1400.000 Y=-2800.000 Z=0.000), Max=(X=2800.000 Y=-1400.000 Z=200.000) RuntimeGrid:None EditorOnly:0 RuntimeOnly:0 HLODRelevant:1
 |   |   |- Guid:AB7F44FDBA4ED8ABCCF276BC2FCDDE6A BaseClass: NativeClass:/Script/Landscape.LandscapeStreamingProxy Name:LandscapeStreamingProxy_9U4Z8W48HM2YVKE3EROM9JCPH_14_3_2_0 Label:LandscapeStreamingProxy_3_2_0 SpatiallyLoaded:1 Bounds:IsValid=true, Min=(X=1400.000 Y=0.000 Z=142.969), Max=(X=2800.000 Y=1400.000 Z=250.781) RuntimeGrid:None EditorOnly:0 RuntimeOnly:0 HLODRelevant:1
 |   |   |- Guid:B785ED2844B84CFB91E7F39FE661CD99 BaseClass: NativeClass:/Script/Engine.DirectionalLight Name:DirectionalLight_0 Label:DirectionalLight SpatiallyLoaded:0 Bounds:IsValid=true, Min=(X=-1048576.000 Y=-1048576.000 Z=-1048576.000), Max=(X=1048576.000 Y=1048576.000 Z=1048576.000) RuntimeGrid:None EditorOnly:0 RuntimeOnly:0 HLODRelevant:0 FolderPath:Lighting FolderGuid:963EC3EB4002CCE9759E2EBA541A873A
 |   |   |- Guid:C3D8053D4C4832AA01332A9C3B6ED9E7 BaseClass: NativeClass:/Script/Landscape.Landscape Name:Landscape_UAID_C889F3DD8D1C4DB901_1792281071 Label:Landscape SpatiallyLoaded:0 Bounds:IsValid=true, Min=(X=-2800.000 Y=-2800.000 Z=100.000), Max=(X=-2800.000 Y=-2800.000 Z=100.000) RuntimeGrid:None EditorOnly:0 RuntimeOnly:0 HLODRelevant:0
 |   |   |- Guid:C8D2FF501C4C7E33390A7CAFFE18095C BaseClass: NativeClass:/Script/Landscape.LandscapeStreamingProxy Name:LandscapeStreamingProxy_9U4Z8W48HM2YVKE3EROM9JCPH_14_1_0_0 Label:LandscapeStreamingProxy_1_0_0 SpatiallyLoaded:1 Bounds:IsValid=true, Min=(X=-1400.000 Y=-2800.000 Z=100.000), Max=(X=0.000 Y=-1400.000 Z=517.969) RuntimeGrid:None EditorOnly:0 RuntimeOnly:0 HLODRelevant:1
 |   |   |- Guid:CCFF262C46EEFFDF319E7F9539CE697E BaseClass: NativeClass:/Script/Engine.SkyAtmosphere Name:SkyAtmosphere_0 Label:SkyAtmosphere SpatiallyLoaded:0 Bounds:IsValid=true, Min=(X=0.000 Y=0.000 Z=1020.000), Max=(X=0.000 Y=0.000 Z=1020.000) RuntimeGrid:None EditorOnly:0 RuntimeOnly:0 HLODRelevant:0 FolderPath:Lighting FolderGuid:963EC3EB4002CCE9759E2EBA541A873A
 |   |   |- Guid:D45B733DAC484C81F7A91BA785B4437C BaseClass: NativeClass:/Script/Landscape.LandscapeStreamingProxy Name:LandscapeStreamingProxy_9U4Z8W48HM2YVKE3EROM9JCPH_14_1_2_0 Label:LandscapeStreamingProxy_1_2_0 SpatiallyLoaded:1 Bounds:IsValid=true, Min=(X=-1400.000 Y=0.000 Z=100.000), Max=(X=0.000 Y=1400.000 Z=561.719) RuntimeGrid:None EditorOnly:0 RuntimeOnly:0 HLODRelevant:1
 |   |   |- Guid:D975D3867E4067D4DBCFBA826C7245D6 BaseClass: NativeClass:/Script/Landscape.LandscapeStreamingProxy Name:LandscapeStreamingProxy_9U4Z8W48HM2YVKE3EROM9JCPH_14_0_3_0 Label:LandscapeStreamingProxy_0_3_0 SpatiallyLoaded:1 Bounds:IsValid=true, Min=(X=-2800.000 Y=1400.000 Z=0.000), Max=(X=-1400.000 Y=2800.000 Z=281.250) RuntimeGrid:None EditorOnly:0 RuntimeOnly:0 HLODRelevant:1
 |   |   |- Guid:DF7997D1C245C44399B0C2B62E98784B BaseClass: NativeClass:/Script/Landscape.LandscapeStreamingProxy Name:LandscapeStreamingProxy_9U4Z8W48HM2YVKE3EROM9JCPH_14_1_1_0 Label:LandscapeStreamingProxy_1_1_0 SpatiallyLoaded:1 Bounds:IsValid=true, Min=(X=-1400.000 Y=-1400.000 Z=100.000), Max=(X=0.000 Y=0.000 Z=561.719) RuntimeGrid:None EditorOnly:0 RuntimeOnly:0 HLODRelevant:1
 |   |   |- Guid:EB3B7EA4BE435404EE1D37884446A7EF BaseClass: NativeClass:/Script/Landscape.LandscapeStreamingProxy Name:LandscapeStreamingProxy_9U4Z8W48HM2YVKE3EROM9JCPH_14_2_2_0 Label:LandscapeStreamingProxy_2_2_0 SpatiallyLoaded:1 Bounds:IsValid=true, Min=(X=0.000 Y=0.000 Z=100.000), Max=(X=1400.000 Y=1400.000 Z=412.500) RuntimeGrid:None EditorOnly:0 RuntimeOnly:0 HLODRelevant:1
 |   |   |- Guid:EE811F431A4F8CDDDC6A30A05FBB6FB5 BaseClass: NativeClass:/Script/Landscape.LandscapeStreamingProxy Name:LandscapeStreamingProxy_9U4Z8W48HM2YVKE3EROM9JCPH_14_2_3_0 Label:LandscapeStreamingProxy_2_3_0 SpatiallyLoaded:1 Bounds:IsValid=true, Min=(X=0.000 Y=1400.000 Z=100.000), Max=(X=1400.000 Y=2800.000 Z=250.781) RuntimeGrid:None EditorOnly:0 RuntimeOnly:0 HLODRelevant:1
 |   |   |- Guid:F5A0514F504F039C546CDBB2E88AE27A BaseClass: NativeClass:/Script/Landscape.LandscapeStreamingProxy Name:LandscapeStreamingProxy_9U4Z8W48HM2YVKE3EROM9JCPH_14_3_1_0 Label:LandscapeStreamingProxy_3_1_0 SpatiallyLoaded:1 Bounds:IsValid=true, Min=(X=1400.000 Y=-1400.000 Z=0.000), Max=(X=2800.000 Y=0.000 Z=200.000) RuntimeGrid:None EditorOnly:0 RuntimeOnly:0 HLODRelevant:1
 |   |   |- Guid:F5E3FEB3450C49844FD93DA8E083C8AD BaseClass: NativeClass:/Script/Engine.PostProcessVolume Name:PostProcessVolume_0 Label:PostProcessVolume SpatiallyLoaded:0 Bounds:IsValid=true, Min=(X=0.000 Y=0.000 Z=400.000), Max=(X=200.000 Y=200.000 Z=600.000) RuntimeGrid:None EditorOnly:0 RuntimeOnly:0 HLODRelevant:0 FolderPath:Lighting FolderGuid:963EC3EB4002CCE9759E2EBA541A873A
 |   |- [+] Clusters:
 |   |   |- [+] [  0]
 |   |   |   |- Guid:6BAF4DDD444C60371492D3919DB42C97 BaseClass: NativeClass:/Script/Engine.WorldDataLayers Name:WorldDataLayers Label:WorldDataLayers SpatiallyLoaded:0 Bounds:IsValid=true, Min=(X=0.000 Y=0.000 Z=0.000), Max=(X=0.000 Y=0.000 Z=0.000) RuntimeGrid:None EditorOnly:0 RuntimeOnly:0 HLODRelevant:0
 |   |   |- [+] [  1]
 |   |   |   |- Guid:316CF2A6494ACA4C0E4180A87D36AB8F BaseClass: NativeClass:/Script/Engine.ExponentialHeightFog Name:ExponentialHeightFog_0 Label:ExponentialHeightFog SpatiallyLoaded:0 Bounds:IsValid=true, Min=(X=-5600.000 Y=-50.000 Z=-6850.000), Max=(X=-5600.000 Y=-50.000 Z=-6850.000) RuntimeGrid:None EditorOnly:0 RuntimeOnly:0 HLODRelevant:0 FolderPath:Lighting FolderGuid:963EC3EB4002CCE9759E2EBA541A873A
 |   |   |- [+] [  2]
 |   |   |   |- Guid:F5E3FEB3450C49844FD93DA8E083C8AD BaseClass: NativeClass:/Script/Engine.PostProcessVolume Name:PostProcessVolume_0 Label:PostProcessVolume SpatiallyLoaded:0 Bounds:IsValid=true, Min=(X=0.000 Y=0.000 Z=400.000), Max=(X=200.000 Y=200.000 Z=600.000) RuntimeGrid:None EditorOnly:0 RuntimeOnly:0 HLODRelevant:0 FolderPath:Lighting FolderGuid:963EC3EB4002CCE9759E2EBA541A873A
 |   |   |- [+] [  3]
 |   |   |   |- Guid:2FB58999456391D349DC0F86DAC136ED BaseClass: NativeClass:/Script/Engine.SkyLight Name:SkyLight_1 Label:SkyLight SpatiallyLoaded:0 Bounds:IsValid=true, Min=(X=0.000 Y=0.000 Z=690.000), Max=(X=0.000 Y=0.000 Z=690.000) RuntimeGrid:None EditorOnly:0 RuntimeOnly:0 HLODRelevant:0 FolderPath:Lighting FolderGuid:963EC3EB4002CCE9759E2EBA541A873A
 |   |   |- [+] [  4]
 |   |   |   |- Guid:3A00AA1C422CE54C0BDB60BAF471BFBB BaseClass: NativeClass:/Script/Engine.PlayerStart Name:PlayerStart_0 Label:PlayerStart SpatiallyLoaded:0 Bounds:IsValid=true, Min=(X=860.000 Y=1070.000 Z=0.013), Max=(X=940.000 Y=1150.000 Z=184.013) RuntimeGrid:None EditorOnly:0 RuntimeOnly:0 HLODRelevant:0
 |   |   |- [+] [  5]
 |   |   |   |- Guid:CCFF262C46EEFFDF319E7F9539CE697E BaseClass: NativeClass:/Script/Engine.SkyAtmosphere Name:SkyAtmosphere_0 Label:SkyAtmosphere SpatiallyLoaded:0 Bounds:IsValid=true, Min=(X=0.000 Y=0.000 Z=1020.000), Max=(X=0.000 Y=0.000 Z=1020.000) RuntimeGrid:None EditorOnly:0 RuntimeOnly:0 HLODRelevant:0 FolderPath:Lighting FolderGuid:963EC3EB4002CCE9759E2EBA541A873A
 |   |   |- [+] [  6]
 |   |   |   |- Guid:4D3BE93F4146AAAC8BBE79999D96D57F BaseClass: NativeClass:/Script/Engine.VolumetricCloud Name:VolumetricCloud_0 Label:VolumetricCloud SpatiallyLoaded:0 Bounds:IsValid=true, Min=(X=0.000 Y=0.000 Z=820.000), Max=(X=0.000 Y=0.000 Z=820.000) RuntimeGrid:None EditorOnly:0 RuntimeOnly:0 HLODRelevant:0 FolderPath:Lighting FolderGuid:963EC3EB4002CCE9759E2EBA541A873A
 |   |   |- [+] [  7]
 |   |   |   |- Guid:B785ED2844B84CFB91E7F39FE661CD99 BaseClass: NativeClass:/Script/Engine.DirectionalLight Name:DirectionalLight_0 Label:DirectionalLight SpatiallyLoaded:0 Bounds:IsValid=true, Min=(X=-1048576.000 Y=-1048576.000 Z=-1048576.000), Max=(X=1048576.000 Y=1048576.000 Z=1048576.000) RuntimeGrid:None EditorOnly:0 RuntimeOnly:0 HLODRelevant:0 FolderPath:Lighting FolderGuid:963EC3EB4002CCE9759E2EBA541A873A
 |   |   |- [+] [  8]
 |   |   |   |- Guid:C3D8053D4C4832AA01332A9C3B6ED9E7 BaseClass: NativeClass:/Script/Landscape.Landscape Name:Landscape_UAID_C889F3DD8D1C4DB901_1792281071 Label:Landscape SpatiallyLoaded:0 Bounds:IsValid=true, Min=(X=-2800.000 Y=-2800.000 Z=100.000), Max=(X=-2800.000 Y=-2800.000 Z=100.000) RuntimeGrid:None EditorOnly:0 RuntimeOnly:0 HLODRelevant:0
 |   |   |- [+] [  9]
 |   |   |   |- Guid:160100988D449AAA40BE55BB48F1CFA2 BaseClass: NativeClass:/Script/Landscape.LandscapeStreamingProxy Name:LandscapeStreamingProxy_9U4Z8W48HM2YVKE3EROM9JCPH_14_0_0_0 Label:LandscapeStreamingProxy_0_0_0 SpatiallyLoaded:1 Bounds:IsValid=true, Min=(X=-2800.000 Y=-2800.000 Z=100.000), Max=(X=-1400.000 Y=-1400.000 Z=517.969) RuntimeGrid:None EditorOnly:0 RuntimeOnly:0 HLODRelevant:1
 |   |   |- [+] [ 10]
 |   |   |   |- Guid:C8D2FF501C4C7E33390A7CAFFE18095C BaseClass: NativeClass:/Script/Landscape.LandscapeStreamingProxy Name:LandscapeStreamingProxy_9U4Z8W48HM2YVKE3EROM9JCPH_14_1_0_0 Label:LandscapeStreamingProxy_1_0_0 SpatiallyLoaded:1 Bounds:IsValid=true, Min=(X=-1400.000 Y=-2800.000 Z=100.000), Max=(X=0.000 Y=-1400.000 Z=517.969) RuntimeGrid:None EditorOnly:0 RuntimeOnly:0 HLODRelevant:1
 |   |   |- [+] [ 11]
 |   |   |   |- Guid:4F2AADB3494DBA501371898E461051D3 BaseClass: NativeClass:/Script/Landscape.LandscapeStreamingProxy Name:LandscapeStreamingProxy_9U4Z8W48HM2YVKE3EROM9JCPH_14_2_0_0 Label:LandscapeStreamingProxy_2_0_0 SpatiallyLoaded:1 Bounds:IsValid=true, Min=(X=0.000 Y=-2800.000 Z=0.000), Max=(X=1400.000 Y=-1400.000 Z=200.000) RuntimeGrid:None EditorOnly:0 RuntimeOnly:0 HLODRelevant:1
 |   |   |- [+] [ 12]
 |   |   |   |- Guid:95C5667C944E2805277194AAA63BFCEA BaseClass: NativeClass:/Script/Landscape.LandscapeStreamingProxy Name:LandscapeStreamingProxy_9U4Z8W48HM2YVKE3EROM9JCPH_14_3_0_0 Label:LandscapeStreamingProxy_3_0_0 SpatiallyLoaded:1 Bounds:IsValid=true, Min=(X=1400.000 Y=-2800.000 Z=0.000), Max=(X=2800.000 Y=-1400.000 Z=200.000) RuntimeGrid:None EditorOnly:0 RuntimeOnly:0 HLODRelevant:1
 |   |   |- [+] [ 13]
 |   |   |   |- Guid:6E242DD9D54C8B8D128451BFEF10A985 BaseClass: NativeClass:/Script/Landscape.LandscapeStreamingProxy Name:LandscapeStreamingProxy_9U4Z8W48HM2YVKE3EROM9JCPH_14_0_1_0 Label:LandscapeStreamingProxy_0_1_0 SpatiallyLoaded:1 Bounds:IsValid=true, Min=(X=-2800.000 Y=-1400.000 Z=72.656), Max=(X=-1400.000 Y=0.000 Z=561.719) RuntimeGrid:None EditorOnly:0 RuntimeOnly:0 HLODRelevant:1
 |   |   |- [+] [ 14]
 |   |   |   |- Guid:DF7997D1C245C44399B0C2B62E98784B BaseClass: NativeClass:/Script/Landscape.LandscapeStreamingProxy Name:LandscapeStreamingProxy_9U4Z8W48HM2YVKE3EROM9JCPH_14_1_1_0 Label:LandscapeStreamingProxy_1_1_0 SpatiallyLoaded:1 Bounds:IsValid=true, Min=(X=-1400.000 Y=-1400.000 Z=100.000), Max=(X=0.000 Y=0.000 Z=561.719) RuntimeGrid:None EditorOnly:0 RuntimeOnly:0 HLODRelevant:1
 |   |   |- [+] [ 15]
 |   |   |   |- Guid:2B5A380BBB439D5B6F4F63AA39B4A117 BaseClass: NativeClass:/Script/Landscape.LandscapeStreamingProxy Name:LandscapeStreamingProxy_9U4Z8W48HM2YVKE3EROM9JCPH_14_2_1_0 Label:LandscapeStreamingProxy_2_1_0 SpatiallyLoaded:1 Bounds:IsValid=true, Min=(X=0.000 Y=-1400.000 Z=0.000), Max=(X=1400.000 Y=0.000 Z=426.562) RuntimeGrid:None EditorOnly:0 RuntimeOnly:0 HLODRelevant:1
 |   |   |- [+] [ 16]
 |   |   |   |- Guid:F5A0514F504F039C546CDBB2E88AE27A BaseClass: NativeClass:/Script/Landscape.LandscapeStreamingProxy Name:LandscapeStreamingProxy_9U4Z8W48HM2YVKE3EROM9JCPH_14_3_1_0 Label:LandscapeStreamingProxy_3_1_0 SpatiallyLoaded:1 Bounds:IsValid=true, Min=(X=1400.000 Y=-1400.000 Z=0.000), Max=(X=2800.000 Y=0.000 Z=200.000) RuntimeGrid:None EditorOnly:0 RuntimeOnly:0 HLODRelevant:1
 |   |   |- [+] [ 17]
 |   |   |   |- Guid:6166FB82DB4FE246CAFD7FB6675C3A4F BaseClass: NativeClass:/Script/Landscape.LandscapeStreamingProxy Name:LandscapeStreamingProxy_9U4Z8W48HM2YVKE3EROM9JCPH_14_0_2_0 Label:LandscapeStreamingProxy_0_2_0 SpatiallyLoaded:1 Bounds:IsValid=true, Min=(X=-2800.000 Y=0.000 Z=39.062), Max=(X=-1400.000 Y=1400.000 Z=459.375) RuntimeGrid:None EditorOnly:0 RuntimeOnly:0 HLODRelevant:1
 |   |   |- [+] [ 18]
 |   |   |   |- Guid:D45B733DAC484C81F7A91BA785B4437C BaseClass: NativeClass:/Script/Landscape.LandscapeStreamingProxy Name:LandscapeStreamingProxy_9U4Z8W48HM2YVKE3EROM9JCPH_14_1_2_0 Label:LandscapeStreamingProxy_1_2_0 SpatiallyLoaded:1 Bounds:IsValid=true, Min=(X=-1400.000 Y=0.000 Z=100.000), Max=(X=0.000 Y=1400.000 Z=561.719) RuntimeGrid:None EditorOnly:0 RuntimeOnly:0 HLODRelevant:1
 |   |   |- [+] [ 19]
 |   |   |   |- Guid:EB3B7EA4BE435404EE1D37884446A7EF BaseClass: NativeClass:/Script/Landscape.LandscapeStreamingProxy Name:LandscapeStreamingProxy_9U4Z8W48HM2YVKE3EROM9JCPH_14_2_2_0 Label:LandscapeStreamingProxy_2_2_0 SpatiallyLoaded:1 Bounds:IsValid=true, Min=(X=0.000 Y=0.000 Z=100.000), Max=(X=1400.000 Y=1400.000 Z=412.500) RuntimeGrid:None EditorOnly:0 RuntimeOnly:0 HLODRelevant:1
 |   |   |- [+] [ 20]
 |   |   |   |- Guid:AB7F44FDBA4ED8ABCCF276BC2FCDDE6A BaseClass: NativeClass:/Script/Landscape.LandscapeStreamingProxy Name:LandscapeStreamingProxy_9U4Z8W48HM2YVKE3EROM9JCPH_14_3_2_0 Label:LandscapeStreamingProxy_3_2_0 SpatiallyLoaded:1 Bounds:IsValid=true, Min=(X=1400.000 Y=0.000 Z=142.969), Max=(X=2800.000 Y=1400.000 Z=250.781) RuntimeGrid:None EditorOnly:0 RuntimeOnly:0 HLODRelevant:1
 |   |   |- [+] [ 21]
 |   |   |   |- Guid:D975D3867E4067D4DBCFBA826C7245D6 BaseClass: NativeClass:/Script/Landscape.LandscapeStreamingProxy Name:LandscapeStreamingProxy_9U4Z8W48HM2YVKE3EROM9JCPH_14_0_3_0 Label:LandscapeStreamingProxy_0_3_0 SpatiallyLoaded:1 Bounds:IsValid=true, Min=(X=-2800.000 Y=1400.000 Z=0.000), Max=(X=-1400.000 Y=2800.000 Z=281.250) RuntimeGrid:None EditorOnly:0 RuntimeOnly:0 HLODRelevant:1
 |   |   |- [+] [ 22]
 |   |   |   |- Guid:2C1AB66EC94E886C877335BDFEA92140 BaseClass: NativeClass:/Script/Landscape.LandscapeStreamingProxy Name:LandscapeStreamingProxy_9U4Z8W48HM2YVKE3EROM9JCPH_14_1_3_0 Label:LandscapeStreamingProxy_1_3_0 SpatiallyLoaded:1 Bounds:IsValid=true, Min=(X=-1400.000 Y=1400.000 Z=0.000), Max=(X=0.000 Y=2800.000 Z=281.250) RuntimeGrid:None EditorOnly:0 RuntimeOnly:0 HLODRelevant:1
 |   |   |- [+] [ 23]
 |   |   |   |- Guid:EE811F431A4F8CDDDC6A30A05FBB6FB5 BaseClass: NativeClass:/Script/Landscape.LandscapeStreamingProxy Name:LandscapeStreamingProxy_9U4Z8W48HM2YVKE3EROM9JCPH_14_2_3_0 Label:LandscapeStreamingProxy_2_3_0 SpatiallyLoaded:1 Bounds:IsValid=true, Min=(X=0.000 Y=1400.000 Z=100.000), Max=(X=1400.000 Y=2800.000 Z=250.781) RuntimeGrid:None EditorOnly:0 RuntimeOnly:0 HLODRelevant:1
 |   |   |- [+] [ 24]
 |   |   |   |- Guid:1C7CC2D0C74E90ADEC6A22B4B3A5783D BaseClass: NativeClass:/Script/Landscape.LandscapeStreamingProxy Name:LandscapeStreamingProxy_9U4Z8W48HM2YVKE3EROM9JCPH_14_3_3_0 Label:LandscapeStreamingProxy_3_3_0 SpatiallyLoaded:1 Bounds:IsValid=true, Min=(X=1400.000 Y=1400.000 Z=150.781), Max=(X=2800.000 Y=2800.000 Z=350.781) RuntimeGrid:None EditorOnly:0 RuntimeOnly:0 HLODRelevant:1
 |- ContainerInstances:
 |- [+] MainContainer:
 |   |-        ID: 0x0000000000000000
 |   |-    Bounds: IsValid=false, Min=(X=0.000 Y=0.000 Z=0.000), Max=(X=0.000 Y=0.000 Z=0.000)
 |   |- Transform: 0.000000,0.000000,0.000000|0.000000,0.000000,-0.000000|1.000000,1.000000,1.000000
 |   |- Container: /Game/ThirdPerson/Maps/ThirdPersonMap
----------------------------------------------------------------------------------------------------------------
ThirdPersonMap - Persistent Level
----------------------------------------------------------------------------------------------------------------
Always loaded Actor Count: 64 

----------------------------------------------------------------------------------------------------------------
ThirdPersonMap - Runtime Spatial Hash - Streaming Grid - MainGrid
----------------------------------------------------------------------------------------------------------------
            Origin: X=0.000 Y=0.000 Z=0.000
         Cell Size: 12800
      World Bounds: IsValid=false, Min=(X=0.000 Y=0.000 Z=0.000), Max=(X=0.000 Y=0.000 Z=0.000)
     Loading Range: 25600.00
Block Slow Loading: No
 ClientOnlyVisible: No

[+] Grid Levels: 1
 |- Level  0: Cell Count    0 | Cell Size   12800 | Actor Count    0 (0.0%)

[+] Content of Grid Level 0

